TN:
SF:C:\Users\USER\jaccx\ng-mimovistar-bonoprepago\src\polyfills.ts
FNF:0
FNH:0
LF:0
LH:0
BRF:0
BRH:0
end_of_record
TN:
SF:C:\Users\USER\jaccx\ng-mimovistar-bonoprepago\src\test.ts
FNF:0
FNH:0
DA:13,1
DA:18,1
DA:20,1
LF:3
LH:3
BRF:0
BRH:0
end_of_record
TN:
SF:C:\Users\USER\jaccx\ng-mimovistar-bonoprepago\src\app\app.component.ts
FN:4,(anonymous_0)
FNF:1
FNH:1
FNDA:2,(anonymous_0)
DA:10,1
DA:11,2
LF:2
LH:2
BRF:0
BRH:0
end_of_record
TN:
SF:C:\Users\USER\jaccx\ng-mimovistar-bonoprepago\src\app\Components\bono-detail\bono-detail.component.ts
FN:40,(anonymous_0)
FN:42,(anonymous_1)
FN:46,(anonymous_2)
FNF:3
FNH:3
FNDA:1,(anonymous_0)
FNDA:1,(anonymous_1)
FNDA:3,(anonymous_2)
DA:12,1
DA:14,1
DA:15,1
DA:40,1
DA:43,1
DA:47,3
LF:6
LH:6
BRDA:47,0,0,0
BRDA:47,0,1,3
BRF:2
BRH:1
end_of_record
TN:
SF:C:\Users\USER\jaccx\ng-mimovistar-bonoprepago\src\app\Components\canjed-bonus\canjed-bonus.component.ts
FN:18,(anonymous_0)
FN:24,(anonymous_1)
FN:29,(anonymous_3)
FN:40,(anonymous_4)
FN:45,(anonymous_5)
FNF:5
FNH:5
FNDA:3,(anonymous_0)
FNDA:3,(anonymous_1)
FNDA:4,(anonymous_3)
FNDA:1,(anonymous_4)
FNDA:7,(anonymous_5)
DA:12,1
DA:14,3
DA:15,3
DA:16,3
DA:18,3
DA:20,3
DA:25,3
DA:26,3
DA:31,4
DA:32,0
DA:34,4
DA:36,4
DA:41,1
DA:42,1
DA:46,7
LF:15
LH:14
BRDA:31,0,0,0
BRDA:31,0,1,4
BRDA:46,1,0,0
BRDA:46,1,1,7
BRF:4
BRH:2
end_of_record
TN:
SF:C:\Users\USER\jaccx\ng-mimovistar-bonoprepago\src\app\Components\error\error.component.ts
FN:13,(anonymous_0)
FN:15,(anonymous_1)
FN:19,(anonymous_2)
FNF:3
FNH:3
FNDA:1,(anonymous_0)
FNDA:1,(anonymous_1)
FNDA:3,(anonymous_2)
DA:10,1
DA:12,1
DA:13,1
DA:16,1
DA:20,3
LF:5
LH:5
BRDA:20,0,0,0
BRDA:20,0,1,3
BRF:2
BRH:1
end_of_record
TN:
SF:C:\Users\USER\jaccx\ng-mimovistar-bonoprepago\src\app\Components\initial\initial.component.ts
FN:24,(anonymous_0)
FN:27,(anonymous_1)
FN:33,(anonymous_2)
FN:53,(anonymous_3)
FN:62,(anonymous_4)
FN:70,(anonymous_5)
FNF:6
FNH:6
FNDA:5,(anonymous_0)
FNDA:5,(anonymous_1)
FNDA:1,(anonymous_2)
FNDA:12,(anonymous_3)
FNDA:1,(anonymous_4)
FNDA:1,(anonymous_5)
DA:14,1
DA:16,5
DA:17,5
DA:18,5
DA:19,5
DA:24,5
DA:29,5
DA:35,1
DA:36,1
DA:37,1
DA:39,1
DA:40,2
DA:41,1
DA:43,1
DA:47,1
DA:54,12
DA:55,1
DA:57,11
DA:63,1
DA:64,1
DA:65,1
DA:67,1
DA:71,1
DA:72,1
LF:24
LH:24
BRDA:40,0,0,1
BRDA:40,0,1,1
BRDA:54,1,0,1
BRDA:54,1,1,11
BRDA:55,2,0,0
BRDA:55,2,1,1
BRDA:57,3,0,0
BRDA:57,3,1,11
BRDA:63,4,0,1
BRDA:63,4,1,0
BRF:10
BRH:7
end_of_record
TN:
SF:C:\Users\USER\jaccx\ng-mimovistar-bonoprepago\src\app\animations\router-animations.ts
FNF:0
FNH:0
DA:12,1
LF:1
LH:1
BRF:0
BRH:0
end_of_record
TN:
SF:C:\Users\USER\jaccx\ng-mimovistar-bonoprepago\src\app\functions\detectedPlatform.ts
FN:11,(anonymous_0)
FN:13,(anonymous_1)
FN:16,(anonymous_2)
FN:19,(anonymous_3)
FN:22,(anonymous_4)
FN:25,(anonymous_5)
FN:28,(anonymous_6)
FNF:7
FNH:2
FNDA:10,(anonymous_0)
FNDA:0,(anonymous_1)
FNDA:0,(anonymous_2)
FNDA:10,(anonymous_3)
FNDA:0,(anonymous_4)
FNDA:0,(anonymous_5)
FNDA:0,(anonymous_6)
DA:9,1
DA:12,10
DA:14,0
DA:17,0
DA:20,10
DA:23,0
DA:26,0
DA:29,0
DA:33,10
LF:9
LH:4
BRDA:29,0,0,0
BRDA:29,0,1,0
BRDA:29,0,2,0
BRDA:29,0,3,0
BRDA:29,0,4,0
BRDA:33,1,0,0
BRDA:33,1,1,10
BRF:7
BRH:1
end_of_record
TN:
SF:C:\Users\USER\jaccx\ng-mimovistar-bonoprepago\src\app\models\bono.model.ts
FNF:0
FNH:0
LF:0
LH:0
BRF:0
BRH:0
end_of_record
TN:
SF:C:\Users\USER\jaccx\ng-mimovistar-bonoprepago\src\app\services\bono.service.ts
FN:10,(anonymous_0)
FN:14,(anonymous_1)
FN:19,(anonymous_2)
FNF:3
FNH:3
FNDA:9,(anonymous_0)
FNDA:3,(anonymous_1)
FNDA:1,(anonymous_2)
DA:7,1
DA:16,3
DA:20,1
LF:3
LH:3
BRF:0
BRH:0
end_of_record
TN:
SF:C:\Users\USER\jaccx\ng-mimovistar-bonoprepago\src\app\services\canje.service.ts
FN:8,(anonymous_0)
FNF:1
FNH:1
FNDA:1,(anonymous_0)
DA:6,1
LF:1
LH:1
BRF:0
BRH:0
end_of_record
